[+] Containers:
 |- [+] Container: /Game/VehicleTemplate/Maps/VehicleAdvExampleMap
 |   |- [+] ActorDescs:
 |   |   |- Guid:02FF3CE4405B22A5C2D5A7AB6EBABA45 BaseClass: NativeClass:/Script/Engine.PostProcessVolume Name:PostProcessVolume_0 Label:PostProcessVolume SpatiallyLoaded:0 Bounds:IsValid=true, Min=(X=-12600.000 Y=-12600.000 Z=300.000), Max=(X=-12400.000 Y=-12400.000 Z=500.000) RuntimeGrid:None EditorOnly:0 RuntimeOnly:0 HLODRelevant:0 ListedInSceneOutliner:1 IsMainWorldOnly:0 FolderPath:Lighting FolderGuid:28D88FC7491D17B86F64E28D7A113F45
 |   |   |- Guid:03E949554A9DCAA540C3EB8F17E3295F BaseClass: NativeClass:/Script/Engine.StaticMeshActor Name:StaticMeshActor_17 Label:SM_Ramp2 SpatiallyLoaded:1 Bounds:IsValid=true, Min=(X=1800.000 Y=-4700.000 Z=0.000), Max=(X=2400.000 Y=-4100.000 Z=100.000) RuntimeGrid:None EditorOnly:0 RuntimeOnly:0 HLODRelevant:1 ListedInSceneOutliner:1 IsMainWorldOnly:0 FolderPath:Obstacles/Ramp FolderGuid:082325B94753D2D009FF4BBBB8664531
 |   |   |- Guid:0731550C454C8C8634F2939D6CB4B49A BaseClass: NativeClass:/Script/Engine.StaticMeshActor Name:StaticMeshActor_3 Label:SM_Cube7 SpatiallyLoaded:1 Bounds:IsValid=true, Min=(X=-12600.003 Y=-12500.001 Z=0.000), Max=(X=-12500.001 Y=12599.999 Z=300.000) RuntimeGrid:None EditorOnly:0 RuntimeOnly:0 HLODRelevant:1 ListedInSceneOutliner:1 IsMainWorldOnly:0 FolderPath:Landscape FolderGuid:E73C37DC441A90FC70F85D94900BDC0E
 |   |   |- Guid:07C2809C45AAB3247CE43E80EFD720CE BaseClass: NativeClass:/Script/Landscape.LandscapeStreamingProxy Name:LandscapeStreamingProxy_BN55SI9ETKGRY904720BQHPG3_1_0_0_0 Label:LandscapeStreamingProxy_0_0_0 SpatiallyLoaded:1 Bounds:IsValid=true, Min=(X=-12600.000 Y=-12600.000 Z=-100.000), Max=(X=0.000 Y=0.000 Z=100.000) RuntimeGrid:None EditorOnly:0 RuntimeOnly:0 HLODRelevant:1 ListedInSceneOutliner:1 IsMainWorldOnly:0
 |   |   |- Guid:2BEF48CF478FD032288E41A1403DA51D BaseClass: NativeClass:/Script/Engine.StaticMeshActor Name:StaticMeshActor_2 Label:SM_Cube6 SpatiallyLoaded:1 Bounds:IsValid=true, Min=(X=-12500.001 Y=12500.001 Z=0.000), Max=(X=12599.999 Y=12600.003 Z=300.000) RuntimeGrid:None EditorOnly:0 RuntimeOnly:0 HLODRelevant:1 ListedInSceneOutliner:1 IsMainWorldOnly:0 FolderPath:Landscape FolderGuid:E73C37DC441A90FC70F85D94900BDC0E
 |   |   |- Guid:3A27478C40330B031DA6238952197858 BaseClass: NativeClass:/Script/Engine.StaticMeshActor Name:StaticMeshActor_18 Label:SM_Cube SpatiallyLoaded:1 Bounds:IsValid=true, Min=(X=1300.000 Y=-4700.000 Z=0.000), Max=(X=1800.000 Y=-4100.000 Z=100.000) RuntimeGrid:None EditorOnly:0 RuntimeOnly:0 HLODRelevant:1 ListedInSceneOutliner:1 IsMainWorldOnly:0 FolderPath:Obstacles/Ramp FolderGuid:082325B94753D2D009FF4BBBB8664531
 |   |   |- Guid:3A3646544DF141A96887C49B98253A51 BaseClass: NativeClass:/Script/Engine.StaticMeshActor Name:StaticMeshActor_10 Label:SM_Cylinder7 SpatiallyLoaded:1 Bounds:IsValid=true, Min=(X=-1238.452 Y=-4700.000 Z=-12.292), Max=(X=-1139.097 Y=-4100.645 Z=12.292) RuntimeGrid:None EditorOnly:0 RuntimeOnly:0 HLODRelevant:1 ListedInSceneOutliner:1 IsMainWorldOnly:0 FolderPath:Obstacles/Roadbumps FolderGuid:FC2A09654CDBCF5BAC814ABADBB71FC2
 |   |   |- Guid:3E6F8E93411EC600C6AB339E93DAA465 BaseClass: NativeClass:/Script/Engine.TextRenderActor Name:TextRenderActor_0 Label:TextRenderActor SpatiallyLoaded:1 Bounds:IsValid=true, Min=(X=-12610.004 Y=-661.458 Z=60.598), Max=(X=-12609.996 Y=661.619 Z=260.598) RuntimeGrid:None EditorOnly:0 RuntimeOnly:0 HLODRelevant:0 ListedInSceneOutliner:1 IsMainWorldOnly:0
 |   |   |- Guid:4588FB6F4D04B4AD806893B9483B08BC BaseClass: NativeClass:/Script/Landscape.LandscapeStreamingProxy Name:LandscapeStreamingProxy_BN55SI9ETKGRY904720BQHPG3_1_1_0_0 Label:LandscapeStreamingProxy_1_0_0 SpatiallyLoaded:1 Bounds:IsValid=true, Min=(X=0.000 Y=-12600.000 Z=-100.000), Max=(X=12600.000 Y=0.000 Z=100.000) RuntimeGrid:None EditorOnly:0 RuntimeOnly:0 HLODRelevant:1 ListedInSceneOutliner:1 IsMainWorldOnly:0
 |   |   |- Guid:4AA576B3448565EBAB88139BF4A2FBCC BaseClass: NativeClass:/Script/Engine.VolumetricCloud Name:VolumetricCloud_0 Label:VolumetricCloud SpatiallyLoaded:0 Bounds:IsValid=true, Min=(X=-12600.000 Y=-12600.000 Z=720.000), Max=(X=-12600.000 Y=-12600.000 Z=720.000) RuntimeGrid:None EditorOnly:0 RuntimeOnly:0 HLODRelevant:0 ListedInSceneOutliner:1 IsMainWorldOnly:0 FolderPath:Lighting FolderGuid:28D88FC7491D17B86F64E28D7A113F45
 |   |   |- Guid:4B03179F4B7EA2A9984773A6E54AED54 BaseClass: NativeClass:/Script/Engine.SkyAtmosphere Name:SkyAtmosphere_0 Label:SkyAtmosphere SpatiallyLoaded:0 Bounds:IsValid=true, Min=(X=-12600.000 Y=-12600.000 Z=920.000), Max=(X=-12600.000 Y=-12600.000 Z=920.000) RuntimeGrid:None EditorOnly:0 RuntimeOnly:0 HLODRelevant:0 ListedInSceneOutliner:1 IsMainWorldOnly:0 FolderPath:Lighting FolderGuid:28D88FC7491D17B86F64E28D7A113F45
 |   |   |- Guid:61183E3E45E0525CF935D1AEE722C8FD BaseClass: NativeClass:/Script/Landscape.Landscape Name:Landscape_0 Label:Landscape SpatiallyLoaded:0 Bounds:IsValid=true, Min=(X=-25200.000 Y=-25200.000 Z=0.000), Max=(X=-25200.000 Y=-25200.000 Z=0.000) RuntimeGrid:None EditorOnly:0 RuntimeOnly:0 HLODRelevant:0 ListedInSceneOutliner:1 IsMainWorldOnly:0 FolderPath:Landscape FolderGuid:E73C37DC441A90FC70F85D94900BDC0E
 |   |   |- Guid:63274433415C118C49F2078B8764B22A BaseClass: NativeClass:/Script/Engine.ExponentialHeightFog Name:ExponentialHeightFog_0 Label:ExponentialHeightFog SpatiallyLoaded:0 Bounds:IsValid=true, Min=(X=-18200.000 Y=-12650.000 Z=-6950.000), Max=(X=-18200.000 Y=-12650.000 Z=-6950.000) RuntimeGrid:None EditorOnly:0 RuntimeOnly:0 HLODRelevant:0 ListedInSceneOutliner:1 IsMainWorldOnly:0 FolderPath:Lighting FolderGuid:28D88FC7491D17B86F64E28D7A113F45
 |   |   |- Guid:6A12ABD7446C7A6BB7D3E5A459BEBB64 BaseClass: NativeClass:/Script/Engine.StaticMeshActor Name:StaticMeshActor_8 Label:SM_Cylinder5 SpatiallyLoaded:1 Bounds:IsValid=true, Min=(X=1575.000 Y=-6525.000 Z=0.000), Max=(X=1625.000 Y=-6475.000 Z=150.000) RuntimeGrid:None EditorOnly:0 RuntimeOnly:0 HLODRelevant:0 ListedInSceneOutliner:1 IsMainWorldOnly:0 FolderPath:Obstacles/Bollards FolderGuid:7C914F1A4686B8D61603C1A0FA70633A
 |   |   |- Guid:745E4F394016EC5F1B9318A08FC4E334 BaseClass: NativeClass:/Script/Landscape.LandscapeStreamingProxy Name:LandscapeStreamingProxy_BN55SI9ETKGRY904720BQHPG3_1_0_1_0 Label:LandscapeStreamingProxy_0_1_0 SpatiallyLoaded:1 Bounds:IsValid=true, Min=(X=-12600.000 Y=0.000 Z=-100.000), Max=(X=0.000 Y=12600.000 Z=100.000) RuntimeGrid:None EditorOnly:0 RuntimeOnly:0 HLODRelevant:1 ListedInSceneOutliner:1 IsMainWorldOnly:0
 |   |   |- Guid:748F9F6F43834503496DE8B82D6BBF1E BaseClass: NativeClass:/Script/Engine.StaticMeshActor Name:StaticMeshActor_6 Label:SM_Cylinder3 SpatiallyLoaded:1 Bounds:IsValid=true, Min=(X=-25.000 Y=-6525.000 Z=0.000), Max=(X=25.000 Y=-6475.000 Z=150.000) RuntimeGrid:None EditorOnly:0 RuntimeOnly:0 HLODRelevant:0 ListedInSceneOutliner:1 IsMainWorldOnly:0 FolderPath:Obstacles/Bollards FolderGuid:7C914F1A4686B8D61603C1A0FA70633A
 |   |   |- Guid:786038F641F06399FCE9A5845F887AAB BaseClass: NativeClass:/Script/Engine.StaticMeshActor Name:StaticMeshActor_7 Label:SM_Cylinder4 SpatiallyLoaded:1 Bounds:IsValid=true, Min=(X=775.000 Y=-6525.000 Z=0.000), Max=(X=825.000 Y=-6475.000 Z=150.000) RuntimeGrid:None EditorOnly:0 RuntimeOnly:0 HLODRelevant:0 ListedInSceneOutliner:1 IsMainWorldOnly:0 FolderPath:Obstacles/Bollards FolderGuid:7C914F1A4686B8D61603C1A0FA70633A
 |   |   |- Guid:7C47EAB542861FCC361431867740A5D4 BaseClass: NativeClass:/Script/Engine.StaticMeshActor Name:StaticMeshActor_15 Label:SM_Cylinder12 SpatiallyLoaded:1 Bounds:IsValid=true, Min=(X=-250.000 Y=-4700.000 Z=-12.615), Max=(X=-150.000 Y=-4100.000 Z=12.615) RuntimeGrid:None EditorOnly:0 RuntimeOnly:0 HLODRelevant:1 ListedInSceneOutliner:1 IsMainWorldOnly:0 FolderPath:Obstacles/Roadbumps FolderGuid:FC2A09654CDBCF5BAC814ABADBB71FC2
 |   |   |- Guid:86AAF7FD48BEADED15C93E8BC81A62E3 BaseClass: NativeClass:/Script/Engine.StaticMeshActor Name:StaticMeshActor_12 Label:SM_Cylinder9 SpatiallyLoaded:1 Bounds:IsValid=true, Min=(X=-850.000 Y=-4700.000 Z=-12.615), Max=(X=-750.000 Y=-4100.000 Z=12.615) RuntimeGrid:None EditorOnly:0 RuntimeOnly:0 HLODRelevant:1 ListedInSceneOutliner:1 IsMainWorldOnly:0 FolderPath:Obstacles/Roadbumps FolderGuid:FC2A09654CDBCF5BAC814ABADBB71FC2
 |   |   |- Guid:8AA5608C424336966A44B1AF184E1C7F BaseClass: NativeClass:/Script/Landscape.LandscapeStreamingProxy Name:LandscapeStreamingProxy_BN55SI9ETKGRY904720BQHPG3_1_1_1_0 Label:LandscapeStreamingProxy_1_1_0 SpatiallyLoaded:1 Bounds:IsValid=true, Min=(X=0.000 Y=0.000 Z=-100.000), Max=(X=12600.000 Y=12600.000 Z=100.000) RuntimeGrid:None EditorOnly:0 RuntimeOnly:0 HLODRelevant:1 ListedInSceneOutliner:1 IsMainWorldOnly:0
 |   |   |- Guid:8F2BF357440383DB13D33D9BA23B8EAA BaseClass: NativeClass:/Script/Landscape.LandscapeSplineActor Name:LandscapeSplineActor_0 Label:None SpatiallyLoaded:1 Bounds:IsValid=true, Min=(X=-13173.341 Y=-12300.570 Z=-125.066), Max=(X=13654.271 Y=12898.062 Z=875.006) RuntimeGrid:None EditorOnly:0 RuntimeOnly:0 HLODRelevant:1 ListedInSceneOutliner:1 IsMainWorldOnly:0
 |   |   |- Guid:9264CD8A4D4D885D155B7AA19A3E9EC4 BaseClass: NativeClass:/Script/Engine.StaticMeshActor Name:StaticMeshActor_4 Label:SM_Cylinder SpatiallyLoaded:1 Bounds:IsValid=true, Min=(X=-1625.000 Y=-6525.000 Z=0.000), Max=(X=-1575.000 Y=-6475.000 Z=150.000) RuntimeGrid:None EditorOnly:0 RuntimeOnly:0 HLODRelevant:0 ListedInSceneOutliner:1 IsMainWorldOnly:0 FolderPath:Obstacles/Bollards FolderGuid:7C914F1A4686B8D61603C1A0FA70633A
 |   |   |- Guid:9335DF314937D2CF87A3E9A5EBB36E4C BaseClass: NativeClass:/Script/Engine.PlayerStart Name:PlayerStart_0 Label:PlayerStart SpatiallyLoaded:0 Bounds:IsValid=true, Min=(X=-3500.000 Y=-10170.000 Z=4.404), Max=(X=-3420.000 Y=-10090.000 Z=188.404) RuntimeGrid:None EditorOnly:0 RuntimeOnly:0 HLODRelevant:0 ListedInSceneOutliner:1 IsMainWorldOnly:0
 |   |   |- Guid:A381533B4836767FE0D325B139DA08C9 BaseClass: NativeClass:/Script/Engine.StaticMeshActor Name:StaticMeshActor_16 Label:SM_Ramp SpatiallyLoaded:1 Bounds:IsValid=true, Min=(X=700.000 Y=-4700.000 Z=0.000), Max=(X=1300.000 Y=-4100.000 Z=100.000) RuntimeGrid:None EditorOnly:0 RuntimeOnly:0 HLODRelevant:1 ListedInSceneOutliner:1 IsMainWorldOnly:0 FolderPath:Obstacles/Ramp FolderGuid:082325B94753D2D009FF4BBBB8664531
 |   |   |- Guid:AEA72DD44A0DA5200E90B6B71683233E BaseClass: NativeClass:/Script/Engine.StaticMeshActor Name:StaticMeshActor_1 Label:SM_Cube5 SpatiallyLoaded:1 Bounds:IsValid=true, Min=(X=12500.000 Y=-12600.000 Z=0.000), Max=(X=12600.002 Y=12500.000 Z=300.000) RuntimeGrid:None EditorOnly:0 RuntimeOnly:0 HLODRelevant:1 ListedInSceneOutliner:1 IsMainWorldOnly:0 FolderPath:Landscape FolderGuid:E73C37DC441A90FC70F85D94900BDC0E
 |   |   |- Guid:B0CBD7B14CACC459E4A92C935F1EA385 BaseClass: NativeClass:/Script/Engine.StaticMeshActor Name:StaticMeshActor_14 Label:SM_Cylinder11 SpatiallyLoaded:1 Bounds:IsValid=true, Min=(X=-450.000 Y=-4700.000 Z=-12.615), Max=(X=-350.000 Y=-4100.000 Z=12.615) RuntimeGrid:None EditorOnly:0 RuntimeOnly:0 HLODRelevant:1 ListedInSceneOutliner:1 IsMainWorldOnly:0 FolderPath:Obstacles/Roadbumps FolderGuid:FC2A09654CDBCF5BAC814ABADBB71FC2
 |   |   |- Guid:C04FA5AF48B2DEBF1190689B0F8ABD7B BaseClass: NativeClass:/Script/Engine.StaticMeshActor Name:StaticMeshActor_13 Label:SM_Cylinder10 SpatiallyLoaded:1 Bounds:IsValid=true, Min=(X=-650.000 Y=-4700.000 Z=-12.615), Max=(X=-550.000 Y=-4100.000 Z=12.615) RuntimeGrid:None EditorOnly:0 RuntimeOnly:0 HLODRelevant:1 ListedInSceneOutliner:1 IsMainWorldOnly:0 FolderPath:Obstacles/Roadbumps FolderGuid:FC2A09654CDBCF5BAC814ABADBB71FC2
 |   |   |- Guid:C368551F4236613BBDF28EA44DBAE61C BaseClass: NativeClass:/Script/Engine.DirectionalLight Name:DirectionalLight_0 Label:DirectionalLight SpatiallyLoaded:0 Bounds:IsValid=true, Min=(X=-1048576.000 Y=-1048576.000 Z=-1048576.000), Max=(X=1048576.000 Y=1048576.000 Z=1048576.000) RuntimeGrid:None EditorOnly:0 RuntimeOnly:0 HLODRelevant:0 ListedInSceneOutliner:1 IsMainWorldOnly:0 FolderPath:Lighting FolderGuid:28D88FC7491D17B86F64E28D7A113F45
 |   |   |- Guid:C98B719D4B4C4D215EF0F6AF69816846 BaseClass: NativeClass:/Script/Engine.StaticMeshActor Name:StaticMeshActor_9 Label:SM_Cylinder6 SpatiallyLoaded:1 Bounds:IsValid=true, Min=(X=2375.000 Y=-6525.000 Z=0.000), Max=(X=2425.000 Y=-6475.000 Z=150.000) RuntimeGrid:None EditorOnly:0 RuntimeOnly:0 HLODRelevant:0 ListedInSceneOutliner:1 IsMainWorldOnly:0 FolderPath:Obstacles/Bollards FolderGuid:7C914F1A4686B8D61603C1A0FA70633A
 |   |   |- Guid:D5A74C3E4C31C926BE70C5B17A7FDDC8 BaseClass: NativeClass:/Script/Engine.StaticMeshActor Name:StaticMeshActor_0 Label:SM_Cube4 SpatiallyLoaded:1 Bounds:IsValid=true, Min=(X=-12600.000 Y=-12600.002 Z=0.000), Max=(X=12500.000 Y=-12500.000 Z=300.000) RuntimeGrid:None EditorOnly:0 RuntimeOnly:0 HLODRelevant:1 ListedInSceneOutliner:1 IsMainWorldOnly:0 FolderPath:Landscape FolderGuid:E73C37DC441A90FC70F85D94900BDC0E
 |   |   |- Guid:DE0A54A84BA377590B6EC8AC81E799E2 BaseClass: NativeClass:/Script/Engine.SkyLight Name:SkyLight_1 Label:SkyLight SpatiallyLoaded:0 Bounds:IsValid=true, Min=(X=-12600.000 Y=-12600.000 Z=590.000), Max=(X=-12600.000 Y=-12600.000 Z=590.000) RuntimeGrid:None EditorOnly:0 RuntimeOnly:0 HLODRelevant:0 ListedInSceneOutliner:1 IsMainWorldOnly:0 FolderPath:Lighting FolderGuid:28D88FC7491D17B86F64E28D7A113F45
 |   |   |- Guid:DEB3637844FE53F8B205F885D194FBC4 BaseClass:/Game/VehicleTemplate/Blueprints/OffroadCar/BP_OffroadCar_Pawn.BP_OffroadCar_Pawn_C NativeClass:/Script/NeedforWheat.NeedforWheatOffroadCar Name:BP_OffroadCar_Pawn_C_UAID_B42E9944F0A62CD601_1530603889 Label:BP_OffroadCar_Pawn SpatiallyLoaded:1 Bounds:IsValid=true, Min=(X=-3056.381 Y=-10389.800 Z=19.606), Max=(X=-2650.000 Y=-10010.200 Z=178.661) RuntimeGrid:None EditorOnly:0 RuntimeOnly:0 HLODRelevant:0 ListedInSceneOutliner:1 IsMainWorldOnly:0
 |   |   |- Guid:DEF80B7D4CB687440F42B0870941F888 BaseClass: NativeClass:/Script/Engine.WorldDataLayers Name:WorldDataLayers Label:WorldDataLayers-1 SpatiallyLoaded:0 Bounds:IsValid=true, Min=(X=0.000 Y=0.000 Z=0.000), Max=(X=0.000 Y=0.000 Z=0.000) RuntimeGrid:None EditorOnly:0 RuntimeOnly:0 HLODRelevant:0 ListedInSceneOutliner:1 IsMainWorldOnly:1
 |   |   |- Guid:EB7A446A409CB4965A315B87B770DB50 BaseClass: NativeClass:/Script/Engine.StaticMeshActor Name:StaticMeshActor_11 Label:SM_Cylinder8 SpatiallyLoaded:1 Bounds:IsValid=true, Min=(X=-1049.678 Y=-4700.000 Z=-12.292), Max=(X=-950.322 Y=-4100.645 Z=12.292) RuntimeGrid:None EditorOnly:0 RuntimeOnly:0 HLODRelevant:1 ListedInSceneOutliner:1 IsMainWorldOnly:0 FolderPath:Obstacles/Roadbumps FolderGuid:FC2A09654CDBCF5BAC814ABADBB71FC2
 |   |   |- Guid:FCEE85C242D17C3FB84C00A14A598603 BaseClass: NativeClass:/Script/Engine.StaticMeshActor Name:StaticMeshActor_5 Label:SM_Cylinder2 SpatiallyLoaded:1 Bounds:IsValid=true, Min=(X=-825.000 Y=-6525.000 Z=0.000), Max=(X=-775.000 Y=-6475.000 Z=150.000) RuntimeGrid:None EditorOnly:0 RuntimeOnly:0 HLODRelevant:0 ListedInSceneOutliner:1 IsMainWorldOnly:0 FolderPath:Obstacles/Bollards FolderGuid:7C914F1A4686B8D61603C1A0FA70633A
 |   |- [+] Clusters:
 |   |   |- [+] [  0]
 |   |   |   |- Guid:02FF3CE4405B22A5C2D5A7AB6EBABA45 BaseClass: NativeClass:/Script/Engine.PostProcessVolume Name:PostProcessVolume_0 Label:PostProcessVolume SpatiallyLoaded:0 Bounds:IsValid=true, Min=(X=-12600.000 Y=-12600.000 Z=300.000), Max=(X=-12400.000 Y=-12400.000 Z=500.000) RuntimeGrid:None EditorOnly:0 RuntimeOnly:0 HLODRelevant:0 ListedInSceneOutliner:1 IsMainWorldOnly:0 FolderPath:Lighting FolderGuid:28D88FC7491D17B86F64E28D7A113F45
 |   |   |- [+] [  1]
 |   |   |   |- Guid:03E949554A9DCAA540C3EB8F17E3295F BaseClass: NativeClass:/Script/Engine.StaticMeshActor Name:StaticMeshActor_17 Label:SM_Ramp2 SpatiallyLoaded:1 Bounds:IsValid=true, Min=(X=1800.000 Y=-4700.000 Z=0.000), Max=(X=2400.000 Y=-4100.000 Z=100.000) RuntimeGrid:None EditorOnly:0 RuntimeOnly:0 HLODRelevant:1 ListedInSceneOutliner:1 IsMainWorldOnly:0 FolderPath:Obstacles/Ramp FolderGuid:082325B94753D2D009FF4BBBB8664531
 |   |   |- [+] [  2]
 |   |   |   |- Guid:0731550C454C8C8634F2939D6CB4B49A BaseClass: NativeClass:/Script/Engine.StaticMeshActor Name:StaticMeshActor_3 Label:SM_Cube7 SpatiallyLoaded:1 Bounds:IsValid=true, Min=(X=-12600.003 Y=-12500.001 Z=0.000), Max=(X=-12500.001 Y=12599.999 Z=300.000) RuntimeGrid:None EditorOnly:0 RuntimeOnly:0 HLODRelevant:1 ListedInSceneOutliner:1 IsMainWorldOnly:0 FolderPath:Landscape FolderGuid:E73C37DC441A90FC70F85D94900BDC0E
 |   |   |- [+] [  3]
 |   |   |   |- Guid:07C2809C45AAB3247CE43E80EFD720CE BaseClass: NativeClass:/Script/Landscape.LandscapeStreamingProxy Name:LandscapeStreamingProxy_BN55SI9ETKGRY904720BQHPG3_1_0_0_0 Label:LandscapeStreamingProxy_0_0_0 SpatiallyLoaded:1 Bounds:IsValid=true, Min=(X=-12600.000 Y=-12600.000 Z=-100.000), Max=(X=0.000 Y=0.000 Z=100.000) RuntimeGrid:None EditorOnly:0 RuntimeOnly:0 HLODRelevant:1 ListedInSceneOutliner:1 IsMainWorldOnly:0
 |   |   |- [+] [  4]
 |   |   |   |- Guid:2BEF48CF478FD032288E41A1403DA51D BaseClass: NativeClass:/Script/Engine.StaticMeshActor Name:StaticMeshActor_2 Label:SM_Cube6 SpatiallyLoaded:1 Bounds:IsValid=true, Min=(X=-12500.001 Y=12500.001 Z=0.000), Max=(X=12599.999 Y=12600.003 Z=300.000) RuntimeGrid:None EditorOnly:0 RuntimeOnly:0 HLODRelevant:1 ListedInSceneOutliner:1 IsMainWorldOnly:0 FolderPath:Landscape FolderGuid:E73C37DC441A90FC70F85D94900BDC0E
 |   |   |- [+] [  5]
 |   |   |   |- Guid:3A27478C40330B031DA6238952197858 BaseClass: NativeClass:/Script/Engine.StaticMeshActor Name:StaticMeshActor_18 Label:SM_Cube SpatiallyLoaded:1 Bounds:IsValid=true, Min=(X=1300.000 Y=-4700.000 Z=0.000), Max=(X=1800.000 Y=-4100.000 Z=100.000) RuntimeGrid:None EditorOnly:0 RuntimeOnly:0 HLODRelevant:1 ListedInSceneOutliner:1 IsMainWorldOnly:0 FolderPath:Obstacles/Ramp FolderGuid:082325B94753D2D009FF4BBBB8664531
 |   |   |- [+] [  6]
 |   |   |   |- Guid:3A3646544DF141A96887C49B98253A51 BaseClass: NativeClass:/Script/Engine.StaticMeshActor Name:StaticMeshActor_10 Label:SM_Cylinder7 SpatiallyLoaded:1 Bounds:IsValid=true, Min=(X=-1238.452 Y=-4700.000 Z=-12.292), Max=(X=-1139.097 Y=-4100.645 Z=12.292) RuntimeGrid:None EditorOnly:0 RuntimeOnly:0 HLODRelevant:1 ListedInSceneOutliner:1 IsMainWorldOnly:0 FolderPath:Obstacles/Roadbumps FolderGuid:FC2A09654CDBCF5BAC814ABADBB71FC2
 |   |   |- [+] [  7]
 |   |   |   |- Guid:3E6F8E93411EC600C6AB339E93DAA465 BaseClass: NativeClass:/Script/Engine.TextRenderActor Name:TextRenderActor_0 Label:TextRenderActor SpatiallyLoaded:1 Bounds:IsValid=true, Min=(X=-12610.004 Y=-661.458 Z=60.598), Max=(X=-12609.996 Y=661.619 Z=260.598) RuntimeGrid:None EditorOnly:0 RuntimeOnly:0 HLODRelevant:0 ListedInSceneOutliner:1 IsMainWorldOnly:0
 |   |   |- [+] [  8]
 |   |   |   |- Guid:4588FB6F4D04B4AD806893B9483B08BC BaseClass: NativeClass:/Script/Landscape.LandscapeStreamingProxy Name:LandscapeStreamingProxy_BN55SI9ETKGRY904720BQHPG3_1_1_0_0 Label:LandscapeStreamingProxy_1_0_0 SpatiallyLoaded:1 Bounds:IsValid=true, Min=(X=0.000 Y=-12600.000 Z=-100.000), Max=(X=12600.000 Y=0.000 Z=100.000) RuntimeGrid:None EditorOnly:0 RuntimeOnly:0 HLODRelevant:1 ListedInSceneOutliner:1 IsMainWorldOnly:0
 |   |   |- [+] [  9]
 |   |   |   |- Guid:4AA576B3448565EBAB88139BF4A2FBCC BaseClass: NativeClass:/Script/Engine.VolumetricCloud Name:VolumetricCloud_0 Label:VolumetricCloud SpatiallyLoaded:0 Bounds:IsValid=true, Min=(X=-12600.000 Y=-12600.000 Z=720.000), Max=(X=-12600.000 Y=-12600.000 Z=720.000) RuntimeGrid:None EditorOnly:0 RuntimeOnly:0 HLODRelevant:0 ListedInSceneOutliner:1 IsMainWorldOnly:0 FolderPath:Lighting FolderGuid:28D88FC7491D17B86F64E28D7A113F45
 |   |   |- [+] [ 10]
 |   |   |   |- Guid:4B03179F4B7EA2A9984773A6E54AED54 BaseClass: NativeClass:/Script/Engine.SkyAtmosphere Name:SkyAtmosphere_0 Label:SkyAtmosphere SpatiallyLoaded:0 Bounds:IsValid=true, Min=(X=-12600.000 Y=-12600.000 Z=920.000), Max=(X=-12600.000 Y=-12600.000 Z=920.000) RuntimeGrid:None EditorOnly:0 RuntimeOnly:0 HLODRelevant:0 ListedInSceneOutliner:1 IsMainWorldOnly:0 FolderPath:Lighting FolderGuid:28D88FC7491D17B86F64E28D7A113F45
 |   |   |- [+] [ 11]
 |   |   |   |- Guid:61183E3E45E0525CF935D1AEE722C8FD BaseClass: NativeClass:/Script/Landscape.Landscape Name:Landscape_0 Label:Landscape SpatiallyLoaded:0 Bounds:IsValid=true, Min=(X=-25200.000 Y=-25200.000 Z=0.000), Max=(X=-25200.000 Y=-25200.000 Z=0.000) RuntimeGrid:None EditorOnly:0 RuntimeOnly:0 HLODRelevant:0 ListedInSceneOutliner:1 IsMainWorldOnly:0 FolderPath:Landscape FolderGuid:E73C37DC441A90FC70F85D94900BDC0E
 |   |   |- [+] [ 12]
 |   |   |   |- Guid:63274433415C118C49F2078B8764B22A BaseClass: NativeClass:/Script/Engine.ExponentialHeightFog Name:ExponentialHeightFog_0 Label:ExponentialHeightFog SpatiallyLoaded:0 Bounds:IsValid=true, Min=(X=-18200.000 Y=-12650.000 Z=-6950.000), Max=(X=-18200.000 Y=-12650.000 Z=-6950.000) RuntimeGrid:None EditorOnly:0 RuntimeOnly:0 HLODRelevant:0 ListedInSceneOutliner:1 IsMainWorldOnly:0 FolderPath:Lighting FolderGuid:28D88FC7491D17B86F64E28D7A113F45
 |   |   |- [+] [ 13]
 |   |   |   |- Guid:6A12ABD7446C7A6BB7D3E5A459BEBB64 BaseClass: NativeClass:/Script/Engine.StaticMeshActor Name:StaticMeshActor_8 Label:SM_Cylinder5 SpatiallyLoaded:1 Bounds:IsValid=true, Min=(X=1575.000 Y=-6525.000 Z=0.000), Max=(X=1625.000 Y=-6475.000 Z=150.000) RuntimeGrid:None EditorOnly:0 RuntimeOnly:0 HLODRelevant:0 ListedInSceneOutliner:1 IsMainWorldOnly:0 FolderPath:Obstacles/Bollards FolderGuid:7C914F1A4686B8D61603C1A0FA70633A
 |   |   |- [+] [ 14]
 |   |   |   |- Guid:745E4F394016EC5F1B9318A08FC4E334 BaseClass: NativeClass:/Script/Landscape.LandscapeStreamingProxy Name:LandscapeStreamingProxy_BN55SI9ETKGRY904720BQHPG3_1_0_1_0 Label:LandscapeStreamingProxy_0_1_0 SpatiallyLoaded:1 Bounds:IsValid=true, Min=(X=-12600.000 Y=0.000 Z=-100.000), Max=(X=0.000 Y=12600.000 Z=100.000) RuntimeGrid:None EditorOnly:0 RuntimeOnly:0 HLODRelevant:1 ListedInSceneOutliner:1 IsMainWorldOnly:0
 |   |   |- [+] [ 15]
 |   |   |   |- Guid:748F9F6F43834503496DE8B82D6BBF1E BaseClass: NativeClass:/Script/Engine.StaticMeshActor Name:StaticMeshActor_6 Label:SM_Cylinder3 SpatiallyLoaded:1 Bounds:IsValid=true, Min=(X=-25.000 Y=-6525.000 Z=0.000), Max=(X=25.000 Y=-6475.000 Z=150.000) RuntimeGrid:None EditorOnly:0 RuntimeOnly:0 HLODRelevant:0 ListedInSceneOutliner:1 IsMainWorldOnly:0 FolderPath:Obstacles/Bollards FolderGuid:7C914F1A4686B8D61603C1A0FA70633A
 |   |   |- [+] [ 16]
 |   |   |   |- Guid:786038F641F06399FCE9A5845F887AAB BaseClass: NativeClass:/Script/Engine.StaticMeshActor Name:StaticMeshActor_7 Label:SM_Cylinder4 SpatiallyLoaded:1 Bounds:IsValid=true, Min=(X=775.000 Y=-6525.000 Z=0.000), Max=(X=825.000 Y=-6475.000 Z=150.000) RuntimeGrid:None EditorOnly:0 RuntimeOnly:0 HLODRelevant:0 ListedInSceneOutliner:1 IsMainWorldOnly:0 FolderPath:Obstacles/Bollards FolderGuid:7C914F1A4686B8D61603C1A0FA70633A
 |   |   |- [+] [ 17]
 |   |   |   |- Guid:7C47EAB542861FCC361431867740A5D4 BaseClass: NativeClass:/Script/Engine.StaticMeshActor Name:StaticMeshActor_15 Label:SM_Cylinder12 SpatiallyLoaded:1 Bounds:IsValid=true, Min=(X=-250.000 Y=-4700.000 Z=-12.615), Max=(X=-150.000 Y=-4100.000 Z=12.615) RuntimeGrid:None EditorOnly:0 RuntimeOnly:0 HLODRelevant:1 ListedInSceneOutliner:1 IsMainWorldOnly:0 FolderPath:Obstacles/Roadbumps FolderGuid:FC2A09654CDBCF5BAC814ABADBB71FC2
 |   |   |- [+] [ 18]
 |   |   |   |- Guid:86AAF7FD48BEADED15C93E8BC81A62E3 BaseClass: NativeClass:/Script/Engine.StaticMeshActor Name:StaticMeshActor_12 Label:SM_Cylinder9 SpatiallyLoaded:1 Bounds:IsValid=true, Min=(X=-850.000 Y=-4700.000 Z=-12.615), Max=(X=-750.000 Y=-4100.000 Z=12.615) RuntimeGrid:None EditorOnly:0 RuntimeOnly:0 HLODRelevant:1 ListedInSceneOutliner:1 IsMainWorldOnly:0 FolderPath:Obstacles/Roadbumps FolderGuid:FC2A09654CDBCF5BAC814ABADBB71FC2
 |   |   |- [+] [ 19]
 |   |   |   |- Guid:8AA5608C424336966A44B1AF184E1C7F BaseClass: NativeClass:/Script/Landscape.LandscapeStreamingProxy Name:LandscapeStreamingProxy_BN55SI9ETKGRY904720BQHPG3_1_1_1_0 Label:LandscapeStreamingProxy_1_1_0 SpatiallyLoaded:1 Bounds:IsValid=true, Min=(X=0.000 Y=0.000 Z=-100.000), Max=(X=12600.000 Y=12600.000 Z=100.000) RuntimeGrid:None EditorOnly:0 RuntimeOnly:0 HLODRelevant:1 ListedInSceneOutliner:1 IsMainWorldOnly:0
 |   |   |- [+] [ 20]
 |   |   |   |- Guid:8F2BF357440383DB13D33D9BA23B8EAA BaseClass: NativeClass:/Script/Landscape.LandscapeSplineActor Name:LandscapeSplineActor_0 Label:None SpatiallyLoaded:1 Bounds:IsValid=true, Min=(X=-13173.341 Y=-12300.570 Z=-125.066), Max=(X=13654.271 Y=12898.062 Z=875.006) RuntimeGrid:None EditorOnly:0 RuntimeOnly:0 HLODRelevant:1 ListedInSceneOutliner:1 IsMainWorldOnly:0
 |   |   |- [+] [ 21]
 |   |   |   |- Guid:9264CD8A4D4D885D155B7AA19A3E9EC4 BaseClass: NativeClass:/Script/Engine.StaticMeshActor Name:StaticMeshActor_4 Label:SM_Cylinder SpatiallyLoaded:1 Bounds:IsValid=true, Min=(X=-1625.000 Y=-6525.000 Z=0.000), Max=(X=-1575.000 Y=-6475.000 Z=150.000) RuntimeGrid:None EditorOnly:0 RuntimeOnly:0 HLODRelevant:0 ListedInSceneOutliner:1 IsMainWorldOnly:0 FolderPath:Obstacles/Bollards FolderGuid:7C914F1A4686B8D61603C1A0FA70633A
 |   |   |- [+] [ 22]
 |   |   |   |- Guid:9335DF314937D2CF87A3E9A5EBB36E4C BaseClass: NativeClass:/Script/Engine.PlayerStart Name:PlayerStart_0 Label:PlayerStart SpatiallyLoaded:0 Bounds:IsValid=true, Min=(X=-3500.000 Y=-10170.000 Z=4.404), Max=(X=-3420.000 Y=-10090.000 Z=188.404) RuntimeGrid:None EditorOnly:0 RuntimeOnly:0 HLODRelevant:0 ListedInSceneOutliner:1 IsMainWorldOnly:0
 |   |   |- [+] [ 23]
 |   |   |   |- Guid:A381533B4836767FE0D325B139DA08C9 BaseClass: NativeClass:/Script/Engine.StaticMeshActor Name:StaticMeshActor_16 Label:SM_Ramp SpatiallyLoaded:1 Bounds:IsValid=true, Min=(X=700.000 Y=-4700.000 Z=0.000), Max=(X=1300.000 Y=-4100.000 Z=100.000) RuntimeGrid:None EditorOnly:0 RuntimeOnly:0 HLODRelevant:1 ListedInSceneOutliner:1 IsMainWorldOnly:0 FolderPath:Obstacles/Ramp FolderGuid:082325B94753D2D009FF4BBBB8664531
 |   |   |- [+] [ 24]
 |   |   |   |- Guid:AEA72DD44A0DA5200E90B6B71683233E BaseClass: NativeClass:/Script/Engine.StaticMeshActor Name:StaticMeshActor_1 Label:SM_Cube5 SpatiallyLoaded:1 Bounds:IsValid=true, Min=(X=12500.000 Y=-12600.000 Z=0.000), Max=(X=12600.002 Y=12500.000 Z=300.000) RuntimeGrid:None EditorOnly:0 RuntimeOnly:0 HLODRelevant:1 ListedInSceneOutliner:1 IsMainWorldOnly:0 FolderPath:Landscape FolderGuid:E73C37DC441A90FC70F85D94900BDC0E
 |   |   |- [+] [ 25]
 |   |   |   |- Guid:B0CBD7B14CACC459E4A92C935F1EA385 BaseClass: NativeClass:/Script/Engine.StaticMeshActor Name:StaticMeshActor_14 Label:SM_Cylinder11 SpatiallyLoaded:1 Bounds:IsValid=true, Min=(X=-450.000 Y=-4700.000 Z=-12.615), Max=(X=-350.000 Y=-4100.000 Z=12.615) RuntimeGrid:None EditorOnly:0 RuntimeOnly:0 HLODRelevant:1 ListedInSceneOutliner:1 IsMainWorldOnly:0 FolderPath:Obstacles/Roadbumps FolderGuid:FC2A09654CDBCF5BAC814ABADBB71FC2
 |   |   |- [+] [ 26]
 |   |   |   |- Guid:C04FA5AF48B2DEBF1190689B0F8ABD7B BaseClass: NativeClass:/Script/Engine.StaticMeshActor Name:StaticMeshActor_13 Label:SM_Cylinder10 SpatiallyLoaded:1 Bounds:IsValid=true, Min=(X=-650.000 Y=-4700.000 Z=-12.615), Max=(X=-550.000 Y=-4100.000 Z=12.615) RuntimeGrid:None EditorOnly:0 RuntimeOnly:0 HLODRelevant:1 ListedInSceneOutliner:1 IsMainWorldOnly:0 FolderPath:Obstacles/Roadbumps FolderGuid:FC2A09654CDBCF5BAC814ABADBB71FC2
 |   |   |- [+] [ 27]
 |   |   |   |- Guid:C368551F4236613BBDF28EA44DBAE61C BaseClass: NativeClass:/Script/Engine.DirectionalLight Name:DirectionalLight_0 Label:DirectionalLight SpatiallyLoaded:0 Bounds:IsValid=true, Min=(X=-1048576.000 Y=-1048576.000 Z=-1048576.000), Max=(X=1048576.000 Y=1048576.000 Z=1048576.000) RuntimeGrid:None EditorOnly:0 RuntimeOnly:0 HLODRelevant:0 ListedInSceneOutliner:1 IsMainWorldOnly:0 FolderPath:Lighting FolderGuid:28D88FC7491D17B86F64E28D7A113F45
 |   |   |- [+] [ 28]
 |   |   |   |- Guid:C98B719D4B4C4D215EF0F6AF69816846 BaseClass: NativeClass:/Script/Engine.StaticMeshActor Name:StaticMeshActor_9 Label:SM_Cylinder6 SpatiallyLoaded:1 Bounds:IsValid=true, Min=(X=2375.000 Y=-6525.000 Z=0.000), Max=(X=2425.000 Y=-6475.000 Z=150.000) RuntimeGrid:None EditorOnly:0 RuntimeOnly:0 HLODRelevant:0 ListedInSceneOutliner:1 IsMainWorldOnly:0 FolderPath:Obstacles/Bollards FolderGuid:7C914F1A4686B8D61603C1A0FA70633A
 |   |   |- [+] [ 29]
 |   |   |   |- Guid:D5A74C3E4C31C926BE70C5B17A7FDDC8 BaseClass: NativeClass:/Script/Engine.StaticMeshActor Name:StaticMeshActor_0 Label:SM_Cube4 SpatiallyLoaded:1 Bounds:IsValid=true, Min=(X=-12600.000 Y=-12600.002 Z=0.000), Max=(X=12500.000 Y=-12500.000 Z=300.000) RuntimeGrid:None EditorOnly:0 RuntimeOnly:0 HLODRelevant:1 ListedInSceneOutliner:1 IsMainWorldOnly:0 FolderPath:Landscape FolderGuid:E73C37DC441A90FC70F85D94900BDC0E
 |   |   |- [+] [ 30]
 |   |   |   |- Guid:DE0A54A84BA377590B6EC8AC81E799E2 BaseClass: NativeClass:/Script/Engine.SkyLight Name:SkyLight_1 Label:SkyLight SpatiallyLoaded:0 Bounds:IsValid=true, Min=(X=-12600.000 Y=-12600.000 Z=590.000), Max=(X=-12600.000 Y=-12600.000 Z=590.000) RuntimeGrid:None EditorOnly:0 RuntimeOnly:0 HLODRelevant:0 ListedInSceneOutliner:1 IsMainWorldOnly:0 FolderPath:Lighting FolderGuid:28D88FC7491D17B86F64E28D7A113F45
 |   |   |- [+] [ 31]
 |   |   |   |- Guid:DEB3637844FE53F8B205F885D194FBC4 BaseClass:/Game/VehicleTemplate/Blueprints/OffroadCar/BP_OffroadCar_Pawn.BP_OffroadCar_Pawn_C NativeClass:/Script/NeedforWheat.NeedforWheatOffroadCar Name:BP_OffroadCar_Pawn_C_UAID_B42E9944F0A62CD601_1530603889 Label:BP_OffroadCar_Pawn SpatiallyLoaded:1 Bounds:IsValid=true, Min=(X=-3056.381 Y=-10389.800 Z=19.606), Max=(X=-2650.000 Y=-10010.200 Z=178.661) RuntimeGrid:None EditorOnly:0 RuntimeOnly:0 HLODRelevant:0 ListedInSceneOutliner:1 IsMainWorldOnly:0
 |   |   |- [+] [ 32]
 |   |   |   |- Guid:DEF80B7D4CB687440F42B0870941F888 BaseClass: NativeClass:/Script/Engine.WorldDataLayers Name:WorldDataLayers Label:WorldDataLayers-1 SpatiallyLoaded:0 Bounds:IsValid=true, Min=(X=0.000 Y=0.000 Z=0.000), Max=(X=0.000 Y=0.000 Z=0.000) RuntimeGrid:None EditorOnly:0 RuntimeOnly:0 HLODRelevant:0 ListedInSceneOutliner:1 IsMainWorldOnly:1
 |   |   |- [+] [ 33]
 |   |   |   |- Guid:EB7A446A409CB4965A315B87B770DB50 BaseClass: NativeClass:/Script/Engine.StaticMeshActor Name:StaticMeshActor_11 Label:SM_Cylinder8 SpatiallyLoaded:1 Bounds:IsValid=true, Min=(X=-1049.678 Y=-4700.000 Z=-12.292), Max=(X=-950.322 Y=-4100.645 Z=12.292) RuntimeGrid:None EditorOnly:0 RuntimeOnly:0 HLODRelevant:1 ListedInSceneOutliner:1 IsMainWorldOnly:0 FolderPath:Obstacles/Roadbumps FolderGuid:FC2A09654CDBCF5BAC814ABADBB71FC2
 |   |   |- [+] [ 34]
 |   |   |   |- Guid:FCEE85C242D17C3FB84C00A14A598603 BaseClass: NativeClass:/Script/Engine.StaticMeshActor Name:StaticMeshActor_5 Label:SM_Cylinder2 SpatiallyLoaded:1 Bounds:IsValid=true, Min=(X=-825.000 Y=-6525.000 Z=0.000), Max=(X=-775.000 Y=-6475.000 Z=150.000) RuntimeGrid:None EditorOnly:0 RuntimeOnly:0 HLODRelevant:0 ListedInSceneOutliner:1 IsMainWorldOnly:0 FolderPath:Obstacles/Bollards FolderGuid:7C914F1A4686B8D61603C1A0FA70633A
 |- ContainerInstances:
 |- [+] MainContainer:
 |   |-        ID: 00000000000000000000000000000000
 |   |-  ParentID: 00000000000000000000000000000000
 |   |-    Bounds: IsValid=false, Min=(X=0.000 Y=0.000 Z=0.000), Max=(X=0.000 Y=0.000 Z=0.000)
 |   |- Transform: 0.000000,0.000000,0.000000|0.000000,0.000000,-0.000000|1.000000,1.000000,1.000000
 |   |- Container: /Game/VehicleTemplate/Maps/VehicleAdvExampleMap
----------------------------------------------------------------------------------------------------------------
VehicleAdvExampleMap - Persistent Level
----------------------------------------------------------------------------------------------------------------
[+] Content of VehicleAdvExampleMap Persistent Level
 |- Always loaded Actor Count: 42 
 |- Actor Path: /Game/VehicleTemplate/Maps/VehicleAdvExampleMap.VehicleAdvExampleMap:PersistentLevel.AbstractNavData-Default
 |- Actor Package: /Game/VehicleTemplate/Maps/VehicleAdvExampleMap
 |- Actor Path: /Game/VehicleTemplate/Maps/VehicleAdvExampleMap.VehicleAdvExampleMap:PersistentLevel.BP_OffroadCar_Pawn_C_UAID_B42E9944F0A62CD601_1530603889
 |- Actor Package: /Game/__ExternalActors__/VehicleTemplate/Maps/VehicleAdvExampleMap/B/ER/RVWZ1265ZRMD2XJ09OEJQV
 |- Actor Path: /Game/VehicleTemplate/Maps/VehicleAdvExampleMap.VehicleAdvExampleMap:PersistentLevel.Brush_1
 |- Actor Package: /Game/VehicleTemplate/Maps/VehicleAdvExampleMap
 |- Actor Path: /Game/VehicleTemplate/Maps/VehicleAdvExampleMap.VehicleAdvExampleMap:PersistentLevel.DefaultPhysicsVolume_0
 |- Actor Package: /Game/VehicleTemplate/Maps/VehicleAdvExampleMap
 |- Actor Path: /Game/VehicleTemplate/Maps/VehicleAdvExampleMap.VehicleAdvExampleMap:PersistentLevel.DirectionalLight_0
 |- Actor Package: /Game/__ExternalActors__/VehicleTemplate/Maps/VehicleAdvExampleMap/0/QY/B4D4WHRDXJXH1FPWZPUO4Y
 |- Actor Path: /Game/VehicleTemplate/Maps/VehicleAdvExampleMap.VehicleAdvExampleMap:PersistentLevel.ExponentialHeightFog_0
 |- Actor Package: /Game/__ExternalActors__/VehicleTemplate/Maps/VehicleAdvExampleMap/5/KV/DRA6QHGAPAW7IF2112JCUS
 |- Actor Path: /Game/VehicleTemplate/Maps/VehicleAdvExampleMap.VehicleAdvExampleMap:PersistentLevel.GameplayDebuggerPlayerManager_0
 |- Actor Package: /Game/VehicleTemplate/Maps/VehicleAdvExampleMap
 |- Actor Path: /Game/VehicleTemplate/Maps/VehicleAdvExampleMap.VehicleAdvExampleMap:PersistentLevel.Landscape_0
 |- Actor Package: /Game/__ExternalActors__/VehicleTemplate/Maps/VehicleAdvExampleMap/D/IX/KHJZN7XIPSEDYH6HUGXBRH
 |- Actor Path: /Game/VehicleTemplate/Maps/VehicleAdvExampleMap.VehicleAdvExampleMap:PersistentLevel.LandscapeSplineActor_0
 |- Actor Package: /Game/__ExternalActors__/VehicleTemplate/Maps/VehicleAdvExampleMap/8/7P/3TP1JO4911YC9PU49DXKO4
 |- Actor Path: /Game/VehicleTemplate/Maps/VehicleAdvExampleMap.VehicleAdvExampleMap:PersistentLevel.LandscapeStreamingProxy_BN55SI9ETKGRY904720BQHPG3_1_0_0_0
 |- Actor Package: /Game/__ExternalActors__/VehicleTemplate/Maps/VehicleAdvExampleMap/6/A7/A7MFUY6LBUDVXPNCIM36R2
 |- Actor Path: /Game/VehicleTemplate/Maps/VehicleAdvExampleMap.VehicleAdvExampleMap:PersistentLevel.LandscapeStreamingProxy_BN55SI9ETKGRY904720BQHPG3_1_0_1_0
 |- Actor Package: /Game/__ExternalActors__/VehicleTemplate/Maps/VehicleAdvExampleMap/A/3L/D1Z34WD02M35JRNH3OPD0X
 |- Actor Path: /Game/VehicleTemplate/Maps/VehicleAdvExampleMap.VehicleAdvExampleMap:PersistentLevel.LandscapeStreamingProxy_BN55SI9ETKGRY904720BQHPG3_1_1_0_0
 |- Actor Package: /Game/__ExternalActors__/VehicleTemplate/Maps/VehicleAdvExampleMap/3/52/TT57P0QWSSCN5ZT7K1FMH1
 |- Actor Path: /Game/VehicleTemplate/Maps/VehicleAdvExampleMap.VehicleAdvExampleMap:PersistentLevel.LandscapeStreamingProxy_BN55SI9ETKGRY904720BQHPG3_1_1_1_0
 |- Actor Package: /Game/__ExternalActors__/VehicleTemplate/Maps/VehicleAdvExampleMap/F/01/AGC5I9PWT9DB38ULGQR57A
 |- Actor Path: /Game/VehicleTemplate/Maps/VehicleAdvExampleMap.VehicleAdvExampleMap:PersistentLevel.PlayerStart_0
 |- Actor Package: /Game/__ExternalActors__/VehicleTemplate/Maps/VehicleAdvExampleMap/D/M5/6AO4GLTHH943OGW2I1MSZG
 |- Actor Path: /Game/VehicleTemplate/Maps/VehicleAdvExampleMap.VehicleAdvExampleMap:PersistentLevel.PostProcessVolume_0
 |- Actor Package: /Game/__ExternalActors__/VehicleTemplate/Maps/VehicleAdvExampleMap/D/SU/Y4JUHR5T30KD96T9J4JTYG
 |- Actor Path: /Game/VehicleTemplate/Maps/VehicleAdvExampleMap.VehicleAdvExampleMap:PersistentLevel.SkyAtmosphere_0
 |- Actor Package: /Game/__ExternalActors__/VehicleTemplate/Maps/VehicleAdvExampleMap/2/7A/CYUN8V4X1K2SKDZAVKAUGF
 |- Actor Path: /Game/VehicleTemplate/Maps/VehicleAdvExampleMap.VehicleAdvExampleMap:PersistentLevel.SkyLight_1
 |- Actor Package: /Game/__ExternalActors__/VehicleTemplate/Maps/VehicleAdvExampleMap/4/OK/JT3RN1LAE4F1IYWK36XP2X
 |- Actor Path: /Game/VehicleTemplate/Maps/VehicleAdvExampleMap.VehicleAdvExampleMap:PersistentLevel.StaticMeshActor_0
 |- Actor Package: /Game/__ExternalActors__/VehicleTemplate/Maps/VehicleAdvExampleMap/4/IF/5WUY5EHE4QF3XWPYT6AWMA
 |- Actor Path: /Game/VehicleTemplate/Maps/VehicleAdvExampleMap.VehicleAdvExampleMap:PersistentLevel.StaticMeshActor_1
 |- Actor Package: /Game/__ExternalActors__/VehicleTemplate/Maps/VehicleAdvExampleMap/8/HM/XAYX83L1KOCJPKKW5VOASB
 |- Actor Path: /Game/VehicleTemplate/Maps/VehicleAdvExampleMap.VehicleAdvExampleMap:PersistentLevel.StaticMeshActor_2
 |- Actor Package: /Game/__ExternalActors__/VehicleTemplate/Maps/VehicleAdvExampleMap/3/WX/ZHWPINY77LDS65UWCK0QVI
 |- Actor Path: /Game/VehicleTemplate/Maps/VehicleAdvExampleMap.VehicleAdvExampleMap:PersistentLevel.StaticMeshActor_3
 |- Actor Package: /Game/__ExternalActors__/VehicleTemplate/Maps/VehicleAdvExampleMap/D/IS/VQMACM4263DQJJ0WG7M6UO
 |- Actor Path: /Game/VehicleTemplate/Maps/VehicleAdvExampleMap.VehicleAdvExampleMap:PersistentLevel.StaticMeshActor_4
 |- Actor Package: /Game/__ExternalActors__/VehicleTemplate/Maps/VehicleAdvExampleMap/E/Z3/3EFK3OH19WFX2QA2MA322H
 |- Actor Path: /Game/VehicleTemplate/Maps/VehicleAdvExampleMap.VehicleAdvExampleMap:PersistentLevel.StaticMeshActor_5
 |- Actor Package: /Game/__ExternalActors__/VehicleTemplate/Maps/VehicleAdvExampleMap/1/4V/P5914D4L2L2UYP47EDWW9L
 |- Actor Path: /Game/VehicleTemplate/Maps/VehicleAdvExampleMap.VehicleAdvExampleMap:PersistentLevel.StaticMeshActor_6
 |- Actor Package: /Game/__ExternalActors__/VehicleTemplate/Maps/VehicleAdvExampleMap/7/7O/3GJZ7W3Y7I7CISHH774B5G
 |- Actor Path: /Game/VehicleTemplate/Maps/VehicleAdvExampleMap.VehicleAdvExampleMap:PersistentLevel.StaticMeshActor_7
 |- Actor Package: /Game/__ExternalActors__/VehicleTemplate/Maps/VehicleAdvExampleMap/F/43/21G9S6AN4PJW1ZD35Z03X8
 |- Actor Path: /Game/VehicleTemplate/Maps/VehicleAdvExampleMap.VehicleAdvExampleMap:PersistentLevel.StaticMeshActor_8
 |- Actor Package: /Game/__ExternalActors__/VehicleTemplate/Maps/VehicleAdvExampleMap/4/3U/FS2E43S8X53SRQCETL95B7
 |- Actor Path: /Game/VehicleTemplate/Maps/VehicleAdvExampleMap.VehicleAdvExampleMap:PersistentLevel.StaticMeshActor_9
 |- Actor Package: /Game/__ExternalActors__/VehicleTemplate/Maps/VehicleAdvExampleMap/5/KO/NFKOYCR0BV24PKNHH7S4JJ
 |- Actor Path: /Game/VehicleTemplate/Maps/VehicleAdvExampleMap.VehicleAdvExampleMap:PersistentLevel.StaticMeshActor_10
 |- Actor Package: /Game/__ExternalActors__/VehicleTemplate/Maps/VehicleAdvExampleMap/7/LD/BRZFSNK0PJWJO6OQUNXA9F
 |- Actor Path: /Game/VehicleTemplate/Maps/VehicleAdvExampleMap.VehicleAdvExampleMap:PersistentLevel.StaticMeshActor_11
 |- Actor Package: /Game/__ExternalActors__/VehicleTemplate/Maps/VehicleAdvExampleMap/6/AL/BH2AE5OELLVRMSCBH0OQ8W
 |- Actor Path: /Game/VehicleTemplate/Maps/VehicleAdvExampleMap.VehicleAdvExampleMap:PersistentLevel.StaticMeshActor_12
 |- Actor Package: /Game/__ExternalActors__/VehicleTemplate/Maps/VehicleAdvExampleMap/4/CY/56FEMZNE6LG2FI5XFL9KD2
 |- Actor Path: /Game/VehicleTemplate/Maps/VehicleAdvExampleMap.VehicleAdvExampleMap:PersistentLevel.StaticMeshActor_13
 |- Actor Package: /Game/__ExternalActors__/VehicleTemplate/Maps/VehicleAdvExampleMap/8/YW/XS2NSV3TFIK17C20FYF2VL
 |- Actor Path: /Game/VehicleTemplate/Maps/VehicleAdvExampleMap.VehicleAdvExampleMap:PersistentLevel.StaticMeshActor_14
 |- Actor Package: /Game/__ExternalActors__/VehicleTemplate/Maps/VehicleAdvExampleMap/6/6W/UR2TXNCD7A10AS53G8HZ1J
 |- Actor Path: /Game/VehicleTemplate/Maps/VehicleAdvExampleMap.VehicleAdvExampleMap:PersistentLevel.StaticMeshActor_15
 |- Actor Package: /Game/__ExternalActors__/VehicleTemplate/Maps/VehicleAdvExampleMap/7/2H/P0D0YNF4OPAKYGRNV0598O
 |- Actor Path: /Game/VehicleTemplate/Maps/VehicleAdvExampleMap.VehicleAdvExampleMap:PersistentLevel.StaticMeshActor_16
 |- Actor Package: /Game/__ExternalActors__/VehicleTemplate/Maps/VehicleAdvExampleMap/2/FN/IL0C3TTWBLJ8M46XT2AXLO
 |- Actor Path: /Game/VehicleTemplate/Maps/VehicleAdvExampleMap.VehicleAdvExampleMap:PersistentLevel.StaticMeshActor_17
 |- Actor Package: /Game/__ExternalActors__/VehicleTemplate/Maps/VehicleAdvExampleMap/9/UB/FUBFYB1V0WK2S7KBG35RJT
 |- Actor Path: /Game/VehicleTemplate/Maps/VehicleAdvExampleMap.VehicleAdvExampleMap:PersistentLevel.StaticMeshActor_18
 |- Actor Package: /Game/__ExternalActors__/VehicleTemplate/Maps/VehicleAdvExampleMap/3/LP/PXR4XF9O793AIVLTJ50RSF
 |- Actor Path: /Game/VehicleTemplate/Maps/VehicleAdvExampleMap.VehicleAdvExampleMap:PersistentLevel.TextRenderActor_0
 |- Actor Package: /Game/__ExternalActors__/VehicleTemplate/Maps/VehicleAdvExampleMap/9/Z2/O5H5PNUM85CYGKD8QMHWZR
 |- Actor Path: /Game/VehicleTemplate/Maps/VehicleAdvExampleMap.VehicleAdvExampleMap:PersistentLevel.VehicleAdvExampleMap_C_0
 |- Actor Package: /Game/VehicleTemplate/Maps/VehicleAdvExampleMap
 |- Actor Path: /Game/VehicleTemplate/Maps/VehicleAdvExampleMap.VehicleAdvExampleMap:PersistentLevel.VolumetricCloud_0
 |- Actor Package: /Game/__ExternalActors__/VehicleTemplate/Maps/VehicleAdvExampleMap/1/3T/FTWAP6WB2FJWHCFEDCWPDU
 |- Actor Path: /Game/VehicleTemplate/Maps/VehicleAdvExampleMap.VehicleAdvExampleMap:PersistentLevel.WorldDataLayers
 |- Actor Package: /Game/__ExternalActors__/VehicleTemplate/Maps/VehicleAdvExampleMap/D/P6/84PFXXEV9MZ8K13H5DYLB0
 |- Actor Path: /Game/VehicleTemplate/Maps/VehicleAdvExampleMap.VehicleAdvExampleMap:PersistentLevel.WorldPartitionMiniMap_0
 |- Actor Package: /Game/__ExternalActors__/VehicleTemplate/Maps/VehicleAdvExampleMap/4/37/UKHUQSVT6NTAKFTZGFM61T
 |- Actor Path: /Game/VehicleTemplate/Maps/VehicleAdvExampleMap.VehicleAdvExampleMap:PersistentLevel.WorldSettings_1
 |- Actor Package: /Game/VehicleTemplate/Maps/VehicleAdvExampleMap

----------------------------------------------------------------------------------------------------------------
VehicleAdvExampleMap - Runtime Spatial Hash - Streaming Grid - MainGrid
----------------------------------------------------------------------------------------------------------------
            Origin: X=0.000 Y=0.000 Z=0.000
         Cell Size: 12800
      World Bounds: IsValid=false, Min=(X=0.000 Y=0.000 Z=0.000), Max=(X=0.000 Y=0.000 Z=0.000)
     Loading Range: 25600.00
Block Slow Loading: No
 ClientOnlyVisible: No
            Origin: X=0.000 Y=0.000 Z=0.000

[+] Grid Levels: 1
 |- Level  0: Cell Count    0 | Cell Size   12800 | Actor Count    0 (0.0%)

[+] Content of Grid Level 0

